Got line: #..#.#.#.######..#.#...##
Found asteroid at (0, 0)
Found asteroid at (3, 0)
Found asteroid at (5, 0)
Found asteroid at (7, 0)
Found asteroid at (9, 0)
Found asteroid at (10, 0)
Found asteroid at (11, 0)
Found asteroid at (12, 0)
Found asteroid at (13, 0)
Found asteroid at (14, 0)
Found asteroid at (17, 0)
Found asteroid at (19, 0)
Found asteroid at (23, 0)
Found asteroid at (24, 0)
Got line: ##.#..#.#..##.#..######.#
Found asteroid at (0, 1)
Found asteroid at (1, 1)
Found asteroid at (3, 1)
Found asteroid at (6, 1)
Found asteroid at (8, 1)
Found asteroid at (11, 1)
Found asteroid at (12, 1)
Found asteroid at (14, 1)
Found asteroid at (17, 1)
Found asteroid at (18, 1)
Found asteroid at (19, 1)
Found asteroid at (20, 1)
Found asteroid at (21, 1)
Found asteroid at (22, 1)
Found asteroid at (24, 1)
Got line: .#.##.#..##..#.#.####.#..
Found asteroid at (1, 2)
Found asteroid at (3, 2)
Found asteroid at (4, 2)
Found asteroid at (6, 2)
Found asteroid at (9, 2)
Found asteroid at (10, 2)
Found asteroid at (13, 2)
Found asteroid at (15, 2)
Found asteroid at (17, 2)
Found asteroid at (18, 2)
Found asteroid at (19, 2)
Found asteroid at (20, 2)
Found asteroid at (22, 2)
Got line: .#..##.#.#..#.#...#...#.#
Found asteroid at (1, 3)
Found asteroid at (4, 3)
Found asteroid at (5, 3)
Found asteroid at (7, 3)
Found asteroid at (9, 3)
Found asteroid at (12, 3)
Found asteroid at (14, 3)
Found asteroid at (18, 3)
Found asteroid at (22, 3)
Found asteroid at (24, 3)
Got line: #...###.##.##..##...#..#.
Found asteroid at (0, 4)
Found asteroid at (4, 4)
Found asteroid at (5, 4)
Found asteroid at (6, 4)
Found asteroid at (8, 4)
Found asteroid at (9, 4)
Found asteroid at (11, 4)
Found asteroid at (12, 4)
Found asteroid at (15, 4)
Found asteroid at (16, 4)
Found asteroid at (20, 4)
Found asteroid at (23, 4)
Got line: ##..#.#.#.###...#.##..#.#
Found asteroid at (0, 5)
Found asteroid at (1, 5)
Found asteroid at (4, 5)
Found asteroid at (6, 5)
Found asteroid at (8, 5)
Found asteroid at (10, 5)
Found asteroid at (11, 5)
Found asteroid at (12, 5)
Found asteroid at (16, 5)
Found asteroid at (18, 5)
Found asteroid at (19, 5)
Found asteroid at (22, 5)
Found asteroid at (24, 5)
Got line: ###.###.#.##.##....#####.
Found asteroid at (0, 6)
Found asteroid at (1, 6)
Found asteroid at (2, 6)
Found asteroid at (4, 6)
Found asteroid at (5, 6)
Found asteroid at (6, 6)
Found asteroid at (8, 6)
Found asteroid at (10, 6)
Found asteroid at (11, 6)
Found asteroid at (13, 6)
Found asteroid at (14, 6)
Found asteroid at (19, 6)
Found asteroid at (20, 6)
Found asteroid at (21, 6)
Found asteroid at (22, 6)
Found asteroid at (23, 6)
Got line: .#####.#.#...#..#####..#.
Found asteroid at (1, 7)
Found asteroid at (2, 7)
Found asteroid at (3, 7)
Found asteroid at (4, 7)
Found asteroid at (5, 7)
Found asteroid at (7, 7)
Found asteroid at (9, 7)
Found asteroid at (13, 7)
Found asteroid at (16, 7)
Found asteroid at (17, 7)
Found asteroid at (18, 7)
Found asteroid at (19, 7)
Found asteroid at (20, 7)
Found asteroid at (23, 7)
Got line: .#.##...#.#...#####.##...
Found asteroid at (1, 8)
Found asteroid at (3, 8)
Found asteroid at (4, 8)
Found asteroid at (8, 8)
Found asteroid at (10, 8)
Found asteroid at (14, 8)
Found asteroid at (15, 8)
Found asteroid at (16, 8)
Found asteroid at (17, 8)
Found asteroid at (18, 8)
Found asteroid at (20, 8)
Found asteroid at (21, 8)
Got line: ######.#..##.#..#.#.#....
Found asteroid at (0, 9)
Found asteroid at (1, 9)
Found asteroid at (2, 9)
Found asteroid at (3, 9)
Found asteroid at (4, 9)
Found asteroid at (5, 9)
Found asteroid at (7, 9)
Found asteroid at (10, 9)
Found asteroid at (11, 9)
Found asteroid at (13, 9)
Found asteroid at (16, 9)
Found asteroid at (18, 9)
Found asteroid at (20, 9)
Got line: ###.##.#######....##.#..#
Found asteroid at (0, 10)
Found asteroid at (1, 10)
Found asteroid at (2, 10)
Found asteroid at (4, 10)
Found asteroid at (5, 10)
Found asteroid at (7, 10)
Found asteroid at (8, 10)
Found asteroid at (9, 10)
Found asteroid at (10, 10)
Found asteroid at (11, 10)
Found asteroid at (12, 10)
Found asteroid at (13, 10)
Found asteroid at (18, 10)
Found asteroid at (19, 10)
Found asteroid at (21, 10)
Found asteroid at (24, 10)
Got line: .####.##..#.##.#.#.##...#
Found asteroid at (1, 11)
Found asteroid at (2, 11)
Found asteroid at (3, 11)
Found asteroid at (4, 11)
Found asteroid at (6, 11)
Found asteroid at (7, 11)
Found asteroid at (10, 11)
Found asteroid at (12, 11)
Found asteroid at (13, 11)
Found asteroid at (15, 11)
Found asteroid at (17, 11)
Found asteroid at (19, 11)
Found asteroid at (20, 11)
Found asteroid at (24, 11)
Got line: ##...##.######..##..#.###
Found asteroid at (0, 12)
Found asteroid at (1, 12)
Found asteroid at (5, 12)
Found asteroid at (6, 12)
Found asteroid at (8, 12)
Found asteroid at (9, 12)
Found asteroid at (10, 12)
Found asteroid at (11, 12)
Found asteroid at (12, 12)
Found asteroid at (13, 12)
Found asteroid at (16, 12)
Found asteroid at (17, 12)
Found asteroid at (20, 12)
Found asteroid at (22, 12)
Found asteroid at (23, 12)
Found asteroid at (24, 12)
Got line: ...###...#..#...#.###..#.
Found asteroid at (3, 13)
Found asteroid at (4, 13)
Found asteroid at (5, 13)
Found asteroid at (9, 13)
Found asteroid at (12, 13)
Found asteroid at (16, 13)
Found asteroid at (18, 13)
Found asteroid at (19, 13)
Found asteroid at (20, 13)
Found asteroid at (23, 13)
Got line: .#####...##..#..#####.###
Found asteroid at (1, 14)
Found asteroid at (2, 14)
Found asteroid at (3, 14)
Found asteroid at (4, 14)
Found asteroid at (5, 14)
Found asteroid at (9, 14)
Found asteroid at (10, 14)
Found asteroid at (13, 14)
Found asteroid at (16, 14)
Found asteroid at (17, 14)
Found asteroid at (18, 14)
Found asteroid at (19, 14)
Found asteroid at (20, 14)
Found asteroid at (22, 14)
Found asteroid at (23, 14)
Found asteroid at (24, 14)
Got line: .#####..#.#######.###.##.
Found asteroid at (1, 15)
Found asteroid at (2, 15)
Found asteroid at (3, 15)
Found asteroid at (4, 15)
Found asteroid at (5, 15)
Found asteroid at (8, 15)
Found asteroid at (10, 15)
Found asteroid at (11, 15)
Found asteroid at (12, 15)
Found asteroid at (13, 15)
Found asteroid at (14, 15)
Found asteroid at (15, 15)
Found asteroid at (16, 15)
Found asteroid at (18, 15)
Found asteroid at (19, 15)
Found asteroid at (20, 15)
Found asteroid at (22, 15)
Found asteroid at (23, 15)
Got line: #...###.####.##.##.#.##.#
Found asteroid at (0, 16)
Found asteroid at (4, 16)
Found asteroid at (5, 16)
Found asteroid at (6, 16)
Found asteroid at (8, 16)
Found asteroid at (9, 16)
Found asteroid at (10, 16)
Found asteroid at (11, 16)
Found asteroid at (13, 16)
Found asteroid at (14, 16)
Found asteroid at (16, 16)
Found asteroid at (17, 16)
Found asteroid at (19, 16)
Found asteroid at (21, 16)
Found asteroid at (22, 16)
Found asteroid at (24, 16)
Got line: .#.#.#.#.#.##.#..#.#..###
Found asteroid at (1, 17)
Found asteroid at (3, 17)
Found asteroid at (5, 17)
Found asteroid at (7, 17)
Found asteroid at (9, 17)
Found asteroid at (11, 17)
Found asteroid at (12, 17)
Found asteroid at (14, 17)
Found asteroid at (17, 17)
Found asteroid at (19, 17)
Found asteroid at (22, 17)
Found asteroid at (23, 17)
Found asteroid at (24, 17)
Got line: ##.#.####.###....###..##.
Found asteroid at (0, 18)
Found asteroid at (1, 18)
Found asteroid at (3, 18)
Found asteroid at (5, 18)
Found asteroid at (6, 18)
Found asteroid at (7, 18)
Found asteroid at (8, 18)
Found asteroid at (10, 18)
Found asteroid at (11, 18)
Found asteroid at (12, 18)
Found asteroid at (17, 18)
Found asteroid at (18, 18)
Found asteroid at (19, 18)
Found asteroid at (22, 18)
Found asteroid at (23, 18)
Got line: #..##.#....#..#..#.#..#.#
Found asteroid at (0, 19)
Found asteroid at (3, 19)
Found asteroid at (4, 19)
Found asteroid at (6, 19)
Found asteroid at (11, 19)
Found asteroid at (14, 19)
Found asteroid at (17, 19)
Found asteroid at (19, 19)
Found asteroid at (22, 19)
Found asteroid at (24, 19)
Got line: ##..#..#...#..##..####..#
Found asteroid at (0, 20)
Found asteroid at (1, 20)
Found asteroid at (4, 20)
Found asteroid at (7, 20)
Found asteroid at (11, 20)
Found asteroid at (14, 20)
Found asteroid at (15, 20)
Found asteroid at (18, 20)
Found asteroid at (19, 20)
Found asteroid at (20, 20)
Found asteroid at (21, 20)
Found asteroid at (24, 20)
Got line: ....#.....##..#.##.#...##
Found asteroid at (4, 21)
Found asteroid at (10, 21)
Found asteroid at (11, 21)
Found asteroid at (14, 21)
Found asteroid at (16, 21)
Found asteroid at (17, 21)
Found asteroid at (19, 21)
Found asteroid at (23, 21)
Found asteroid at (24, 21)
Got line: .##..#.#..##..##.#..##..#
Found asteroid at (1, 22)
Found asteroid at (2, 22)
Found asteroid at (5, 22)
Found asteroid at (7, 22)
Found asteroid at (10, 22)
Found asteroid at (11, 22)
Found asteroid at (14, 22)
Found asteroid at (15, 22)
Found asteroid at (17, 22)
Found asteroid at (20, 22)
Found asteroid at (21, 22)
Found asteroid at (24, 22)
Got line: .##..#####....#####.#.#.#
Found asteroid at (1, 23)
Found asteroid at (2, 23)
Found asteroid at (5, 23)
Found asteroid at (6, 23)
Found asteroid at (7, 23)
Found asteroid at (8, 23)
Found asteroid at (9, 23)
Found asteroid at (14, 23)
Found asteroid at (15, 23)
Found asteroid at (16, 23)
Found asteroid at (17, 23)
Found asteroid at (18, 23)
Found asteroid at (20, 23)
Found asteroid at (22, 23)
Found asteroid at (24, 23)
Got line: #..#..#..##...#..#.#.#.##
Found asteroid at (0, 24)
Found asteroid at (3, 24)
Found asteroid at (6, 24)
Found asteroid at (9, 24)
Found asteroid at (10, 24)
Found asteroid at (14, 24)
Found asteroid at (17, 24)
Found asteroid at (19, 24)
Found asteroid at (21, 24)
Found asteroid at (23, 24)
Found asteroid at (24, 24)
Finished parsing map, x=25, y=25
Asteroids were vaporized in this order:
The 1st asteroid to be vaporized is at (11, 18).
The 2nd asteroid to be vaporized is at (12, 0).
The 3rd asteroid to be vaporized is at (12, 1).
The 4th asteroid to be vaporized is at (12, 3).
The 5th asteroid to be vaporized is at (12, 4).
The 6th asteroid to be vaporized is at (12, 5).
The 7th asteroid to be vaporized is at (13, 0).
The 8th asteroid to be vaporized is at (12, 10).
The 9th asteroid to be vaporized is at (13, 2).
The 10th asteroid to be vaporized is at (12, 11).
The 11th asteroid to be vaporized is at (12, 12).
The 12th asteroid to be vaporized is at (13, 6).
The 13th asteroid to be vaporized is at (14, 0).
The 14th asteroid to be vaporized is at (12, 13).
The 15th asteroid to be vaporized is at (14, 3).
The 16th asteroid to be vaporized is at (13, 9).
The 17th asteroid to be vaporized is at (13, 10).
The 18th asteroid to be vaporized is at (14, 6).
The 19th asteroid to be vaporized is at (15, 2).
The 20th asteroid to be vaporized is at (12, 15).
The 21th asteroid to be vaporized is at (15, 4).
The 22th asteroid to be vaporized is at (14, 8).
The 23th asteroid to be vaporized is at (13, 12).
The 24th asteroid to be vaporized is at (17, 0).
The 25th asteroid to be vaporized is at (16, 4).
The 26th asteroid to be vaporized is at (17, 2).
The 27th asteroid to be vaporized is at (16, 5).
The 28th asteroid to be vaporized is at (15, 8).
The 29th asteroid to be vaporized is at (18, 1).
The 30th asteroid to be vaporized is at (13, 14).
The 31th asteroid to be vaporized is at (18, 2).
The 32th asteroid to be vaporized is at (16, 7).
The 33th asteroid to be vaporized is at (19, 0).
The 34th asteroid to be vaporized is at (18, 3).
The 35th asteroid to be vaporized is at (19, 1).
The 36th asteroid to be vaporized is at (16, 8).
The 37th asteroid to be vaporized is at (19, 2).
The 38th asteroid to be vaporized is at (12, 17).
The 39th asteroid to be vaporized is at (20, 2).
The 40th asteroid to be vaporized is at (17, 8).
The 41th asteroid to be vaporized is at (21, 1).
The 42th asteroid to be vaporized is at (19, 5).
The 43th asteroid to be vaporized is at (18, 7).
The 44th asteroid to be vaporized is at (20, 4).
The 45th asteroid to be vaporized is at (22, 1).
The 46th asteroid to be vaporized is at (19, 6).
The 47th asteroid to be vaporized is at (23, 0).
The 48th asteroid to be vaporized is at (18, 8).
The 49th asteroid to be vaporized is at (22, 2).
The 50th asteroid to be vaporized is at (13, 16).
The 51th asteroid to be vaporized is at (24, 0).
The 52th asteroid to be vaporized is at (22, 3).
The 53th asteroid to be vaporized is at (20, 6).
The 54th asteroid to be vaporized is at (18, 9).
The 55th asteroid to be vaporized is at (16, 12).
The 56th asteroid to be vaporized is at (24, 1).
The 57th asteroid to be vaporized is at (14, 15).
The 58th asteroid to be vaporized is at (21, 6).
The 59th asteroid to be vaporized is at (18, 10).
The 60th asteroid to be vaporized is at (22, 5).
The 61th asteroid to be vaporized is at (23, 4).
The 62th asteroid to be vaporized is at (24, 3).
The 63th asteroid to be vaporized is at (20, 8).
The 64th asteroid to be vaporized is at (16, 13).
The 65th asteroid to be vaporized is at (22, 6).
The 66th asteroid to be vaporized is at (17, 12).
The 67th asteroid to be vaporized is at (19, 10).
The 68th asteroid to be vaporized is at (20, 9).
The 69th asteroid to be vaporized is at (21, 8).
The 70th asteroid to be vaporized is at (23, 6).
The 71th asteroid to be vaporized is at (24, 5).
The 72th asteroid to be vaporized is at (12, 18).
The 73th asteroid to be vaporized is at (21, 10).
The 74th asteroid to be vaporized is at (20, 11).
The 75th asteroid to be vaporized is at (18, 13).
The 76th asteroid to be vaporized is at (17, 14).
The 77th asteroid to be vaporized is at (16, 15).
The 78th asteroid to be vaporized is at (20, 12).
The 79th asteroid to be vaporized is at (19, 13).
The 80th asteroid to be vaporized is at (18, 14).
The 81th asteroid to be vaporized is at (24, 10).
The 82th asteroid to be vaporized is at (14, 17).
The 83th asteroid to be vaporized is at (22, 12).
The 84th asteroid to be vaporized is at (19, 14).
The 85th asteroid to be vaporized is at (24, 11).
The 86th asteroid to be vaporized is at (16, 16).
The 87th asteroid to be vaporized is at (23, 12).
The 88th asteroid to be vaporized is at (18, 15).
The 89th asteroid to be vaporized is at (20, 14).
The 90th asteroid to be vaporized is at (24, 12).
The 91th asteroid to be vaporized is at (17, 16).
The 92th asteroid to be vaporized is at (22, 14).
The 93th asteroid to be vaporized is at (20, 15).
The 94th asteroid to be vaporized is at (23, 14).
The 95th asteroid to be vaporized is at (24, 14).
The 96th asteroid to be vaporized is at (19, 16).
The 97th asteroid to be vaporized is at (22, 15).
The 98th asteroid to be vaporized is at (17, 17).
The 99th asteroid to be vaporized is at (21, 16).
The 100th asteroid to be vaporized is at (22, 16).
The 101th asteroid to be vaporized is at (19, 17).
The 102th asteroid to be vaporized is at (24, 16).
The 103th asteroid to be vaporized is at (22, 17).
The 104th asteroid to be vaporized is at (17, 18).
The 105th asteroid to be vaporized is at (24, 17).
The 106th asteroid to be vaporized is at (18, 18).
The 107th asteroid to be vaporized is at (19, 18).
The 108th asteroid to be vaporized is at (22, 18).
The 109th asteroid to be vaporized is at (23, 18).
The 110th asteroid to be vaporized is at (14, 19).
The 111th asteroid to be vaporized is at (24, 20).
The 112th asteroid to be vaporized is at (21, 20).
The 113th asteroid to be vaporized is at (20, 20).
The 114th asteroid to be vaporized is at (19, 20).
The 115th asteroid to be vaporized is at (18, 20).
The 116th asteroid to be vaporized is at (24, 21).
The 117th asteroid to be vaporized is at (23, 21).
The 118th asteroid to be vaporized is at (24, 22).
The 119th asteroid to be vaporized is at (15, 20).
The 120th asteroid to be vaporized is at (21, 22).
The 121th asteroid to be vaporized is at (24, 23).
The 122th asteroid to be vaporized is at (14, 20).
The 123th asteroid to be vaporized is at (22, 23).
The 124th asteroid to be vaporized is at (24, 24).
The 125th asteroid to be vaporized is at (16, 21).
The 126th asteroid to be vaporized is at (23, 24).
The 127th asteroid to be vaporized is at (20, 23).
The 128th asteroid to be vaporized is at (17, 22).
The 129th asteroid to be vaporized is at (18, 23).
The 130th asteroid to be vaporized is at (19, 24).
The 131th asteroid to be vaporized is at (14, 21).
The 132th asteroid to be vaporized is at (15, 22).
The 133th asteroid to be vaporized is at (16, 23).
The 134th asteroid to be vaporized is at (17, 24).
The 135th asteroid to be vaporized is at (14, 22).
The 136th asteroid to be vaporized is at (14, 23).
The 137th asteroid to be vaporized is at (14, 24).
The 138th asteroid to be vaporized is at (11, 20).
The 139th asteroid to be vaporized is at (10, 24).
The 140th asteroid to be vaporized is at (10, 22).
The 141th asteroid to be vaporized is at (9, 24).
The 142th asteroid to be vaporized is at (10, 21).
The 143th asteroid to be vaporized is at (8, 23).
The 144th asteroid to be vaporized is at (7, 23).
The 145th asteroid to be vaporized is at (6, 23).
The 146th asteroid to be vaporized is at (7, 22).
The 147th asteroid to be vaporized is at (5, 23).
The 148th asteroid to be vaporized is at (3, 24).
The 149th asteroid to be vaporized is at (5, 22).
The 150th asteroid to be vaporized is at (0, 24).
The 151th asteroid to be vaporized is at (2, 23).
The 152th asteroid to be vaporized is at (1, 23).
The 153th asteroid to be vaporized is at (2, 22).
The 154th asteroid to be vaporized is at (1, 22).
The 155th asteroid to be vaporized is at (4, 21).
The 156th asteroid to be vaporized is at (7, 20).
The 157th asteroid to be vaporized is at (4, 20).
The 158th asteroid to be vaporized is at (1, 20).
The 159th asteroid to be vaporized is at (0, 20).
The 160th asteroid to be vaporized is at (6, 19).
The 161th asteroid to be vaporized is at (0, 18).
The 162th asteroid to be vaporized is at (1, 18).
The 163th asteroid to be vaporized is at (3, 18).
The 164th asteroid to be vaporized is at (5, 18).
The 165th asteroid to be vaporized is at (6, 18).
The 166th asteroid to be vaporized is at (7, 18).
The 167th asteroid to be vaporized is at (0, 16).
The 168th asteroid to be vaporized is at (8, 18).
The 169th asteroid to be vaporized is at (1, 15).
The 170th asteroid to be vaporized is at (4, 16).
The 171th asteroid to be vaporized is at (2, 15).
The 172th asteroid to be vaporized is at (7, 17).
The 173th asteroid to be vaporized is at (2, 14).
The 174th asteroid to be vaporized is at (4, 15).
The 175th asteroid to be vaporized is at (6, 16).
The 176th asteroid to be vaporized is at (3, 14).
The 177th asteroid to be vaporized is at (0, 12).
The 178th asteroid to be vaporized is at (5, 15).
The 179th asteroid to be vaporized is at (1, 12).
The 180th asteroid to be vaporized is at (4, 14).
The 181th asteroid to be vaporized is at (3, 13).
The 182th asteroid to be vaporized is at (1, 11).
The 183th asteroid to be vaporized is at (0, 10).
The 184th asteroid to be vaporized is at (5, 14).
The 185th asteroid to be vaporized is at (4, 13).
The 186th asteroid to be vaporized is at (2, 11).
The 187th asteroid to be vaporized is at (1, 10).
The 188th asteroid to be vaporized is at (0, 9).
The 189th asteroid to be vaporized is at (10, 18).
The 190th asteroid to be vaporized is at (1, 8).
The 191th asteroid to be vaporized is at (2, 9).
The 192th asteroid to be vaporized is at (4, 11).
The 193th asteroid to be vaporized is at (5, 12).
The 194th asteroid to be vaporized is at (0, 6).
The 195th asteroid to be vaporized is at (1, 7).
The 196th asteroid to be vaporized is at (3, 9).
The 197th asteroid to be vaporized is at (0, 5).
The 198th asteroid to be vaporized is at (4, 10).
The 199th asteroid to be vaporized is at (1, 6).
The 200th asteroid to be vaporized is at (8, 15).
The 201th asteroid to be vaporized is at (0, 4).
The 202th asteroid to be vaporized is at (3, 8).
The 203th asteroid to be vaporized is at (6, 12).
The 204th asteroid to be vaporized is at (4, 9).
The 205th asteroid to be vaporized is at (2, 6).
The 206th asteroid to be vaporized is at (9, 16).
The 207th asteroid to be vaporized is at (4, 8).
The 208th asteroid to be vaporized is at (6, 11).
The 209th asteroid to be vaporized is at (0, 1).
The 210th asteroid to be vaporized is at (5, 9).
The 211th asteroid to be vaporized is at (1, 2).
The 212th asteroid to be vaporized is at (4, 7).
The 213th asteroid to be vaporized is at (0, 0).
The 214th asteroid to be vaporized is at (1, 1).
The 215th asteroid to be vaporized is at (4, 6).
The 216th asteroid to be vaporized is at (7, 11).
The 217th asteroid to be vaporized is at (3, 2).
The 218th asteroid to be vaporized is at (4, 4).
The 219th asteroid to be vaporized is at (5, 6).
The 220th asteroid to be vaporized is at (7, 10).
The 221th asteroid to be vaporized is at (4, 3).
The 222th asteroid to be vaporized is at (8, 12).
The 223th asteroid to be vaporized is at (3, 0).
The 224th asteroid to be vaporized is at (4, 2).
The 225th asteroid to be vaporized is at (9, 14).
The 226th asteroid to be vaporized is at (6, 6).
The 227th asteroid to be vaporized is at (5, 3).
The 228th asteroid to be vaporized is at (6, 5).
The 229th asteroid to be vaporized is at (10, 16).
The 230th asteroid to be vaporized is at (5, 0).
The 231th asteroid to be vaporized is at (6, 2).
The 232th asteroid to be vaporized is at (9, 12).
The 233th asteroid to be vaporized is at (6, 1).
The 234th asteroid to be vaporized is at (8, 8).
The 235th asteroid to be vaporized is at (10, 15).
The 236th asteroid to be vaporized is at (8, 6).
The 237th asteroid to be vaporized is at (9, 10).
The 238th asteroid to be vaporized is at (8, 5).
The 239th asteroid to be vaporized is at (7, 0).
The 240th asteroid to be vaporized is at (10, 14).
The 241th asteroid to be vaporized is at (9, 7).
The 242th asteroid to be vaporized is at (10, 12).
The 243th asteroid to be vaporized is at (9, 4).
The 244th asteroid to be vaporized is at (10, 11).
The 245th asteroid to be vaporized is at (9, 2).
The 246th asteroid to be vaporized is at (10, 10).
The 247th asteroid to be vaporized is at (9, 0).
The 248th asteroid to be vaporized is at (10, 9).
The 249th asteroid to be vaporized is at (10, 8).
The 250th asteroid to be vaporized is at (10, 6).
The 251th asteroid to be vaporized is at (10, 5).
The 252th asteroid to be vaporized is at (10, 2).
The 253th asteroid to be vaporized is at (10, 0).
The 254th asteroid to be vaporized is at (11, 17).
The 255th asteroid to be vaporized is at (13, 7).
The 256th asteroid to be vaporized is at (13, 11).
The 257th asteroid to be vaporized is at (17, 1).
The 258th asteroid to be vaporized is at (13, 15).
The 259th asteroid to be vaporized is at (19, 7).
The 260th asteroid to be vaporized is at (17, 11).
The 261th asteroid to be vaporized is at (14, 16).
The 262th asteroid to be vaporized is at (20, 13).
The 263th asteroid to be vaporized is at (19, 15).
The 264th asteroid to be vaporized is at (23, 15).
The 265th asteroid to be vaporized is at (23, 17).
The 266th asteroid to be vaporized is at (17, 19).
The 267th asteroid to be vaporized is at (19, 21).
The 268th asteroid to be vaporized is at (17, 21).
The 269th asteroid to be vaporized is at (21, 24).
The 270th asteroid to be vaporized is at (17, 23).
The 271th asteroid to be vaporized is at (15, 23).
The 272th asteroid to be vaporized is at (11, 21).
The 273th asteroid to be vaporized is at (9, 23).
The 274th asteroid to be vaporized is at (6, 24).
The 275th asteroid to be vaporized is at (4, 19).
The 276th asteroid to be vaporized is at (1, 17).
The 277th asteroid to be vaporized is at (3, 17).
The 278th asteroid to be vaporized is at (5, 17).
The 279th asteroid to be vaporized is at (5, 16).
The 280th asteroid to be vaporized is at (9, 17).
The 281th asteroid to be vaporized is at (2, 7).
The 282th asteroid to be vaporized is at (1, 5).
The 283th asteroid to be vaporized is at (5, 10).
The 284th asteroid to be vaporized is at (1, 3).
The 285th asteroid to be vaporized is at (5, 7).
The 286th asteroid to be vaporized is at (3, 1).
The 287th asteroid to be vaporized is at (7, 9).
The 288th asteroid to be vaporized is at (9, 13).
The 289th asteroid to be vaporized is at (7, 3).
The 290th asteroid to be vaporized is at (8, 4).
The 291th asteroid to be vaporized is at (8, 1).
The 292th asteroid to be vaporized is at (9, 3).
The 293th asteroid to be vaporized is at (11, 16).
The 294th asteroid to be vaporized is at (14, 1).
The 295th asteroid to be vaporized is at (15, 11).
The 296th asteroid to be vaporized is at (20, 7).
The 297th asteroid to be vaporized is at (15, 15).
The 298th asteroid to be vaporized is at (23, 13).
The 299th asteroid to be vaporized is at (19, 19).
The 300th asteroid to be vaporized is at (20, 22).
The 301th asteroid to be vaporized is at (11, 22).
The 302th asteroid to be vaporized is at (3, 19).
The 303th asteroid to be vaporized is at (3, 15).
The 304th asteroid to be vaporized is at (8, 16).
The 305th asteroid to be vaporized is at (3, 7).
The 306th asteroid to be vaporized is at (4, 5).
The 307th asteroid to be vaporized is at (5, 4).
The 308th asteroid to be vaporized is at (8, 10).
The 309th asteroid to be vaporized is at (11, 15).
The 310th asteroid to be vaporized is at (16, 9).
The 311th asteroid to be vaporized is at (16, 14).
The 312th asteroid to be vaporized is at (22, 19).
The 313th asteroid to be vaporized is at (0, 19).
The 314th asteroid to be vaporized is at (1, 14).
The 315th asteroid to be vaporized is at (5, 13).
The 316th asteroid to be vaporized is at (7, 7).
The 317th asteroid to be vaporized is at (11, 12).
The 318th asteroid to be vaporized is at (17, 7).
The 319th asteroid to be vaporized is at (19, 11).
The 320th asteroid to be vaporized is at (24, 19).
The 321th asteroid to be vaporized is at (3, 11).
The 322th asteroid to be vaporized is at (6, 4).
The 323th asteroid to be vaporized is at (11, 10).
The 324th asteroid to be vaporized is at (18, 5).
The 325th asteroid to be vaporized is at (23, 7).
The 326th asteroid to be vaporized is at (2, 10).
The 327th asteroid to be vaporized is at (11, 9).
The 328th asteroid to be vaporized is at (20, 1).
The 329th asteroid to be vaporized is at (1, 9).
The 330th asteroid to be vaporized is at (11, 6).
The 331th asteroid to be vaporized is at (11, 5).
The 332th asteroid to be vaporized is at (11, 4).
The 333th asteroid to be vaporized is at (11, 1).
The 334th and final asteroid to be vaporized is at (11, 0).
#..#.#.#.###27#..#.#...##
##.#..#.#..#3.#..######.#
.#.##.#..##..9.#.####.#..
.#..##.#.#..4.#...#...#.#
#...###.##.#5..##...#..#.
##..#.#.#.##6...#.##..#.#
###.###.#.##.##....#####.
.#####.#.#...#..#####..#.
.#.##...#.#...#####.##...
######.#..##.#..#.#.#....
###.##.#####8#....##.#..#
.####.##..#.##.#.#.##...#
##...##.######..##..#.###
...###...#..#...#.###..#.
.#####...##..#..#####.###
.#####..#.#######.###.##.
#...###.####.##.##.#.##.#
.#.#.#.#.#.##.#..#.#..###
##.#.####.#1#....###..##.
#..##.#....X..#..#.#..#.#
##..#..#...#..##..####..#
....#.....##..#.##.#...##
.##..#.#..##..##.#..##..#
.##..#####....#####.#.#.#
#..#..#..##...#..#.#.#.##

#..#.#.#.###..4..#.#...##
##.#..#.#..#..#..######.#
.#.##.#..##....#.####.#..
.#..##.#.#....6...#...#.#
#...###.##.#...##...#..#.
##..#.#.#.##....#.##..#.#
###.###.#.##.39....#####.
.#####.#.#...#..#####..#.
.#.##...#.#...#####.##...
######.#..##.7..#.#.#....
###.##.#####.8....##.#..#
.####.##..#.1#.#.#.##...#
##...##.####2#..##..#.###
...###...#..5...#.###..#.
.#####...##..#..#####.###
.#####..#.#######.###.##.
#...###.####.##.##.#.##.#
.#.#.#.#.#.##.#..#.#..###
##.#.####.#.#....###..##.
#..##.#....X..#..#.#..#.#
##..#..#...#..##..####..#
....#.....##..#.##.#...##
.##..#.#..##..##.#..##..#
.##..#####....#####.#.#.#
#..#..#..##...#..#.#.#.##

#..#.#.#.###.....6.#...##
##.#..#.#..#..#..######.#
.#.##.#..##....1.8###.#..
.#..##.#.#........#...#.#
#...###.##.#...37...#..#.
##..#.#.#.##....9.##..#.#
###.###.#.##.......#####.
.#####.#.#...#..#####..#.
.#.##...#.#...4####.##...
######.#..##....#.#.#....
###.##.#####......##.#..#
.####.##..#..#.#.#.##...#
##...##.####.5..##..#.###
...###...#......#.###..#.
.#####...##..#..#####.###
.#####..#.##2####.###.##.
#...###.####.##.##.#.##.#
.#.#.#.#.#.##.#..#.#..###
##.#.####.#.#....###..##.
#..##.#....X..#..#.#..#.#
##..#..#...#..##..####..#
....#.....##..#.##.#...##
.##..#.#..##..##.#..##..#
.##..#####....#####.#.#.#
#..#..#..##...#..#.#.#.##

#..#.#.#.###.......6...##
##.#..#.#..#..#..#28###.#
.#.##.#..##.......4##.#..
.#..##.#.#........7...#.#
#...###.##.#........#..#.
##..#.#.#.##......##..#.#
###.###.#.##.......#####.
.#####.#.#...#..5####..#.
.#.##...#.#....19##.##...
######.#..##....#.#.#....
###.##.#####......##.#..#
.####.##..#..#.#.#.##...#
##...##.####....##..#.###
...###...#......#.###..#.
.#####...##..3..#####.###
.#####..#.##.####.###.##.
#...###.####.##.##.#.##.#
.#.#.#.#.#.##.#..#.#..###
##.#.####.#.#....###..##.
#..##.#....X..#..#.#..#.#
##..#..#...#..##..####..#
....#.....##..#.##.#...##
.##..#.#..##..##.#..##..#
.##..#####....#####.#.#.#
#..#..#..##...#..#.#.#.##

#..#.#.#.###...........##
##.#..#.#..#..#..#..#59.#
.#.##.#..##........13.#..
.#..##.#.#............#.#
#...###.##.#........8..#.
##..#.#.#.##......#6..#.#
###.###.#.##.......#####.
.#####.#.#...#...#7##..#.
.#.##...#.#......4#.##...
######.#..##....#.#.#....
###.##.#####......##.#..#
.####.##..#..#.#.#.##...#
##...##.####....##..#.###
...###...#......#.###..#.
.#####...##.....#####.###
.#####..#.##.####.###.##.
#...###.####.##.##.#.##.#
.#.#.#.#.#.#2.#..#.#..###
##.#.####.#.#....###..##.
#..##.#....X..#..#.#..#.#
##..#..#...#..##..####..#
....#.....##..#.##.#...##
.##..#.#..##..##.#..##..#
.##..#####....#####.#.#.#
#..#..#..##...#..#.#.#.##

#..#.#.#.###...........26
##.#..#.#..#..#..#..#...#
.#.##.#..##...........4..
.#..##.#.#............7.#
#...###.##.#...........#.
##..#.#.#.##......#...#.#
###.###.#.##.......18###.
.#####.#.#...#...#.##..#.
.#.##...#.#.......3.##...
######.#..##....#.9.#....
###.##.#####......##.#..#
.####.##..#..#.#.#.##...#
##...##.####....##..#.###
...###...#......#.###..#.
.#####...##.....#####.###
.#####..#.##.####.###.##.
#...###.####.5#.##.#.##.#
.#.#.#.#.#.#..#..#.#..###
##.#.####.#.#....###..##.
#..##.#....X..#..#.#..#.#
##..#..#...#..##..####..#
....#.....##..#.##.#...##
.##..#.#..##..##.#..##..#
.##..#####....#####.#.#.#
#..#..#..##...#..#.#.#.##

#..#.#.#.###.............
##.#..#.#..#..#..#..#...2
.#.##.#..##..............
.#..##.#.#..............8
#...###.##.#...........7.
##..#.#.#.##......#...6.#
###.###.#.##.........4##.
.#####.#.#...#...#.##..#.
.#.##...#.#.........9#...
######.#..##....#...#....
###.##.#####......5#.#..#
.####.##..#..#.#.#.##...#
##...##.####....1#..#.###
...###...#......#.###..#.
.#####...##.....#####.###
.#####..#.##.#3##.###.##.
#...###.####..#.##.#.##.#
.#.#.#.#.#.#..#..#.#..###
##.#.####.#.#....###..##.
#..##.#....X..#..#.#..#.#
##..#..#...#..##..####..#
....#.....##..#.##.#...##
.##..#.#..##..##.#..##..#
.##..#####....#####.#.#.#
#..#..#..##...#..#.#.#.##

#..#.#.#.###.............
##.#..#.#..#..#..#..#....
.#.##.#..##..............
.#..##.#.#...............
#...###.##.#.............
##..#.#.#.##......#.....8
###.###.#.##..........27.
.#####.#.#...#...#.##..#.
.#.##...#.#..........6...
######.#..##....#...5....
###.##.#####.......4.#..#
.####.##..#..#.#.#.##...#
##...##.####.....3..#.###
...###...#......1.###..#.
.#####...##.....#####.###
.#####..#.##.#.##.###.##.
#...###.####..#.##.#.##.#
.#.#.#.#.#.#..#..#.#..###
##.#.####.#.9....###..##.
#..##.#....X..#..#.#..#.#
##..#..#...#..##..####..#
....#.....##..#.##.#...##
.##..#.#..##..##.#..##..#
.##..#####....#####.#.#.#
#..#..#..##...#..#.#.#.##

#..#.#.#.###.............
##.#..#.#..#..#..#..#....
.#.##.#..##..............
.#..##.#.#...............
#...###.##.#.............
##..#.#.#.##......#......
###.###.#.##.............
.#####.#.#...#...#.##..#.
.#.##...#.#..............
######.#..##....#........
###.##.#####.........1..9
.####.##..#..#.#.#.#2...#
##...##.####........6.###
...###...#........37#..#.
.#####...##.....#48##.###
.#####..#.##.#.#5.###.##.
#...###.####..#.##.#.##.#
.#.#.#.#.#.#..#..#.#..###
##.#.####.#......###..##.
#..##.#....X..#..#.#..#.#
##..#..#...#..##..####..#
....#.....##..#.##.#...##
.##..#.#..##..##.#..##..#
.##..#####....#####.#.#.#
#..#..#..##...#..#.#.#.##

#..#.#.#.###.............
##.#..#.#..#..#..#..#....
.#.##.#..##..............
.#..##.#.#...............
#...###.##.#.............
##..#.#.#.##......#......
###.###.#.##.............
.#####.#.#...#...#.##..#.
.#.##...#.#..............
######.#..##....#........
###.##.#####.............
.####.##..#..#.#.#.#....4
##...##.####..........269
...###...#..........#..#.
.#####...##.....#..38.###
.#####..#.##.#.#..7##.##.
#...###.####..#.5#.#.##.#
.#.#.#.#.#.#..1..#.#..###
##.#.####.#......###..##.
#..##.#....X..#..#.#..#.#
##..#..#...#..##..####..#
....#.....##..#.##.#...##
.##..#.#..##..##.#..##..#
.##..#####....#####.#.#.#
#..#..#..##...#..#.#.#.##

#..#.#.#.###.............
##.#..#.#..#..#..#..#....
.#.##.#..##..............
.#..##.#.#...............
#...###.##.#.............
##..#.#.#.##......#......
###.###.#.##.............
.#####.#.#...#...#.##..#.
.#.##...#.#..............
######.#..##....#........
###.##.#####.............
.####.##..#..#.#.#.#.....
##...##.####.............
...###...#..........#..#.
.#####...##.....#.....245
.#####..#.##.#.#...#3.7#.
#...###.####..#..1.6.9#.#
.#.#.#.#.#.#.....8.#..###
##.#.####.#......###..##.
#..##.#....X..#..#.#..#.#
##..#..#...#..##..####..#
....#.....##..#.##.#...##
.##..#.#..##..##.#..##..#
.##..#####....#####.#.#.#
#..#..#..##...#..#.#.#.##

#..#.#.#.###.............
##.#..#.#..#..#..#..#....
.#.##.#..##..............
.#..##.#.#...............
#...###.##.#.............
##..#.#.#.##......#......
###.###.#.##.............
.#####.#.#...#...#.##..#.
.#.##...#.#..............
######.#..##....#........
###.##.#####.............
.####.##..#..#.#.#.#.....
##...##.####.............
...###...#..........#..#.
.#####...##.....#........
.#####..#.##.#.#...#...#.
#...###.####..#.......1.3
.#.#.#.#.#.#.......2..4#6
##.#.####.#......578..9#.
#..##.#....X..#..#.#..#.#
##..#..#...#..##..####..#
....#.....##..#.##.#...##
.##..#.#..##..##.#..##..#
.##..#####....#####.#.#.#
#..#..#..##...#..#.#.#.##

#..#.#.#.###.............
##.#..#.#..#..#..#..#....
.#.##.#..##..............
.#..##.#.#...............
#...###.##.#.............
##..#.#.#.##......#......
###.###.#.##.............
.#####.#.#...#...#.##..#.
.#.##...#.#..............
######.#..##....#........
###.##.#####.............
.####.##..#..#.#.#.#.....
##...##.####.............
...###...#..........#..#.
.#####...##.....#........
.#####..#.##.#.#...#...#.
#...###.####..#..........
.#.#.#.#.#.#...........#.
##.#.####.#............1.
#..##.#....X..2..#.#..#.#
##..#..#...#..##..7654..3
....#.....##..#.##.#...98
.##..#.#..##..##.#..##..#
.##..#####....#####.#.#.#
#..#..#..##...#..#.#.#.##

#..#.#.#.###.............
##.#..#.#..#..#..#..#....
.#.##.#..##..............
.#..##.#.#...............
#...###.##.#.............
##..#.#.#.##......#......
###.###.#.##.............
.#####.#.#...#...#.##..#.
.#.##...#.#..............
######.#..##....#........
###.##.#####.............
.####.##..#..#.#.#.#.....
##...##.####.............
...###...#..........#..#.
.#####...##.....#........
.#####..#.##.#.#...#...#.
#...###.####..#..........
.#.#.#.#.#.#...........#.
##.#.####.#..............
#..##.#....X.....#.#..#.#
##..#..#...#..52.........
....#.....##..#.8#.#.....
.##..#.#..##..##.#..#3..1
.##..#####....#####.#.6.4
#..#..#..##...#..#.#.#.97

#..#.#.#.###.............
##.#..#.#..#..#..#..#....
.#.##.#..##..............
.#..##.#.#...............
#...###.##.#.............
##..#.#.#.##......#......
###.###.#.##.............
.#####.#.#...#...#.##..#.
.#.##...#.#..............
######.#..##....#........
###.##.#####.............
.####.##..#..#.#.#.#.....
##...##.####.............
...###...#..........#..#.
.#####...##.....#........
.#####..#.##.#.#...#...#.
#...###.####..#..........
.#.#.#.#.#.#...........#.
##.#.####.#..............
#..##.#....X.....#.#..#.#
##..#..#...#.............
....#.....##..5..#.#.....
.##..#.#..##..96.2..#....
.##..#####....##7#3.1....
#..#..#..##...#..8.4.#...

#..#.#.#.###.............
##.#..#.#..#..#..#..#....
.#.##.#..##..............
.#..##.#.#...............
#...###.##.#.............
##..#.#.#.##......#......
###.###.#.##.............
.#####.#.#...#...#.##..#.
.#.##...#.#..............
######.#..##....#........
###.##.#####.............
.####.##..#..#.#.#.#.....
##...##.####.............
...###...#..........#..#.
.#####...##.....#........
.#####..#.##.#.#...#...#.
#...###.####..#..........
.#.#.#.#.#.#...........#.
##.#.####.#..............
#..##.#....X.....#.#..#.#
##..#..#...3.............
....#.....7#.....#.#.....
.##..#.#..5#........#....
.##..##98#....1#.#.......
#..#..#..64...2......#...

#..#.#.#.###.............
##.#..#.#..#..#..#..#....
.#.##.#..##..............
.#..##.#.#...............
#...###.##.#.............
##..#.#.#.##......#......
###.###.#.##.............
.#####.#.#...#...#.##..#.
.#.##...#.#..............
######.#..##....#........
###.##.#####.............
.####.##..#..#.#.#.#.....
##...##.####.............
...###...#..........#..#.
.#####...##.....#........
.#####..#.##.#.#...#...#.
#...###.####..#..........
.#.#.#.#.#.#...........#.
##.#.####.#..............
#..##.#....X.....#.#..#.#
##..#..#.................
....#......#.....#.#.....
.#9..5.2...#........#....
.87..31..#.....#.#.......
6..4..#..............#...

#..#.#.#.###.............
##.#..#.#..#..#..#..#....
.#.##.#..##..............
.#..##.#.#...............
#...###.##.#.............
##..#.#.#.##......#......
###.###.#.##.............
.#####.#.#...#...#.##..#.
.#.##...#.#..............
######.#..##....#........
###.##.#####.............
.####.##..#..#.#.#.#.....
##...##.####.............
...###...#..........#..#.
.#####...##.....#........
.#####..#.##.#.#...#...#.
#...###.####..#..........
.#.#.#.#.#.#...........#.
89.#.####.#..............
#..##.7....X.....#.#..#.#
65..4..3.................
....2......#.....#.#.....
.1.........#........#....
.........#.....#.#.......
......#..............#...

#..#.#.#.###.............
##.#..#.#..#..#..#..#....
.#.##.#..##..............
.#..##.#.#...............
#...###.##.#.............
##..#.#.#.##......#......
###.###.#.##.............
.#####.#.#...#...#.##..#.
.#.##...#.#..............
######.#..##....#........
###.##.#####.............
.####.##..#..#.#.#.#.....
##...##.####.............
...###...#..........#..#.
.#####...##.....#........
.79###..#.##.#.#...#...#.
5...8##.####..#..........
.#.#.#.#.#.#...........#.
...1.2346.#..............
#..##......X.....#.#..#.#
.........................
...........#.....#.#.....
...........#........#....
.........#.....#.#.......
......#..............#...

#..#.#.#.###.............
##.#..#.#..#..#..#..#....
.#.##.#..##..............
.#..##.#.#...............
#...###.##.#.............
##..#.#.#.##......#......
###.###.#.##.............
.#####.#.#...#...#.##..#.
.#.##...#.#..............
######.#..##....#........
###.##.#####.............
.####.##..#..#.#.#.#.....
68...##.####.............
...###...#..........#..#.
.#259#...##.....#........
...#37..#.##.#.#...#...#.
.....#4.####..#..........
.#.#.#.1.#.#...........#.
..........#..............
#..##......X.....#.#..#.#
.........................
...........#.....#.#.....
...........#........#....
.........#.....#.#.......
......#..............#...

#..#.#.#.###.............
##.#..#.#..#..#..#..#....
.#.##.#..##..............
.#..##.#.#...............
#...###.##.#.............
##..#.#.#.##......#......
###.###.#.##.............
.#####.#.#...#...#.##..#.
.#.##...#.#..............
8#####.#..##....#........
37#.##.#####.............
.26##.##..#..#.#.#.#.....
.....##.####.............
...15#...#..........#..#.
.#...4...##.....#........
...#....#.##.#.#...#...#.
.....#..####..#..........
.#.#.#...#.#...........#.
..........9..............
#..##......X.....#.#..#.#
.........................
...........#.....#.#.....
...........#........#....
.........#.....#.#.......
......#..............#...

#..#.#.#.###.............
##.#..#.#..#..#..#..#....
.#.##.#..##..............
.#..##.#.#...............
#...###.##.#.............
8#..#.#.#.##......#......
5##.###.#.##.............
.6####.#.#...#...#.##..#.
.1.##...#.#..............
.#27##.#..##....#........
..#.9#.#####.............
...#3.##..#..#.#.#.#.....
.....4#.####.............
.....#...#..........#..#.
.#.......##.....#........
...#....#.##.#.#...#...#.
.....#..####..#..........
.#.#.#...#.#...........#.
.........................
#..##......X.....#.#..#.#
.........................
...........#.....#.#.....
...........#........#....
.........#.....#.#.......
......#..............#...

#..#.#.#.###.............
##.#..#.#..#..#..#..#....
.#.##.#..##..............
.#..##.#.#...............
3...###.##.#.............
.#..#.#.#.##......#......
.17.###.#.##.............
..####.#.#...#...#.##..#.
...49...#.#..............
.#..6#.#..##....#........
..#..#.#####.............
...#..##..#..#.#.#.#.....
......5.####.............
.....#...#..........#..#.
.#.......##.....#........
...#....2.##.#.#...#...#.
.....#..#8##..#..........
.#.#.#...#.#...........#.
.........................
#..##......X.....#.#..#.#
.........................
...........#.....#.#.....
...........#........#....
.........#.....#.#.......
......#..............#...

6..#.#.#.###.............
27.#..#.#..#..#..#..#....
.4.##.#..##..............
.#..##.#.#...............
....###.##.#.............
.#..#.#.#.##......#......
....8##.#.##.............
..##5#.#.#...#...#.##..#.
........#.#..............
.#...3.#..##....#........
..#..#.#####.............
...#..19..#..#.#.#.#.....
........####.............
.....#...#..........#..#.
.#.......##.....#........
...#......##.#.#...#...#.
.....#..#.##..#..........
.#.#.#...#.#...........#.
.........................
#..##......X.....#.#..#.#
.........................
...........#.....#.#.....
...........#........#....
.........#.....#.#.......
......#..............#...

...7.#.#.###.............
...#..#.#..#..#..#..#....
...18.#..##..............
.#..5#.#.#...............
....2##.##.#.............
.#..#.#.#.##......#......
.....3#.#.##.............
..##.#.#.#...#...#.##..#.
........#.#..............
.#.....#..##....#........
..#..#.4####.............
...#......#..#.#.#.#.....
........6###.............
.....#...#..........#..#.
.#.......9#.....#........
...#......##.#.#...#...#.
.....#..#.##..#..........
.#.#.#...#.#...........#.
.........................
#..##......X.....#.#..#.#
.........................
...........#.....#.#.....
...........#........#....
.........#.....#.#.......
......#..............#...

.....5.#.###.............
...#..8.#..#..#..#..#....
......6..##..............
.#...2.#.#...............
.....##.##.#.............
.#..#.3.#.##......#......
......1.#.##.............
..##.#.#.#...#...#.##..#.
........9.#..............
.#.....#..##....#........
..#..#..####.............
...#......#..#.#.#.#.....
.........7##.............
.....#...#..........#..#.
.#........#.....#........
...#......##.#.#...#...#.
.....#..#.4#..#..........
.#.#.#...#.#...........#.
.........................
#..##......X.....#.#..#.#
.........................
...........#.....#.#.....
...........#........#....
.........#.....#.#.......
......#..............#...

.......5.###.............
...#....#..#..#..#..#....
.........##..............
.#.....#.#...............
.....##.#9.#.............
.#..#...4.##......#......
........2.##.............
..##.#.#.7...#...#.##..#.
..........#..............
.#.....#..##....#........
..#..#..#3##.............
...#......#..#.#.#.#.....
..........8#.............
.....#...#..........#..#.
.#........6.....#........
...#......1#.#.#...#...#.
.....#..#..#..#..........
.#.#.#...#.#...........#.
.........................
#..##......X.....#.#..#.#
.........................
...........#.....#.#.....
...........#........#....
.........#.....#.#.......
......#..............#...

.........4##.............
...#....#..#..#..#..#....
.........29..............
.#.....#.#...............
.....##.#..#.............
.#..#.....8#......#......
..........7#.............
..##.#.#.....#...#.##..#.
..........6..............
.#.....#..5#....#........
..#..#..#.3#.............
...#......1..#.#.#.#.....
...........#.............
.....#...#..........#..#.
.#..............#........
...#.......#.#.#...#...#.
.....#..#..#..#..........
.#.#.#...#.#...........#.
.........................
#..##......X.....#.#..#.#
.........................
...........#.....#.#.....
...........#........#....
.........#.....#.#.......
......#..............#...

..........1#.............
...#....#..#..#..5..#....
.........................
.#.....#.#...............
.....##.#..#.............
.#..#......#......#......
...........#.............
..##.#.#.....3...#.7#..#.
.........................
.#.....#...#....#........
..#..#..#..#.............
...#.........4.#.8.#.....
...........#.............
.....#...#..........#..#.
.#..............#........
...#.......#.6.#...#...#.
.....#..#..#..9..........
.#.#.#...#.2...........#.
.........................
#..##......X.....#.#..#.#
.........................
...........#.....#.#.....
...........#........#....
.........#.....#.#.......
......#..............#...

...........#.............
...#....#..#..#.....#....
.........................
.#.....#.#...............
.....##.#..#.............
.#..#......#......#......
...........#.............
..##.#.#.........#..#..#.
.........................
.#.....#...#....#........
..#..#..#..#.............
...#...........#...#.....
...........#.............
.....#...#..........1..#.
.#..............#........
...#.......#...#...2...3.
.....#..#..#.............
.#.#.#...#.............4.
.........................
#..##......X.....5.#..#.#
.........................
...........#.....7.6.....
...........#........#....
.........#.....#.9.......
......#..............8...

...........#.............
...#....#..#..#.....#....
.........................
.#.....#.#...............
.....##.#..#.............
.#..#......#......#......
...........#.............
..##.#.#.........#..#..#.
.........................
.#.....#...#....#........
..#..#..#..#.............
...#...........#...#.....
...........#.............
.....#...#.............#.
.#..............#........
...#.......#...#.........
.....9..#..#.............
.6.7.8...#...............
.........................
#..#5......X.......#..#.#
.........................
...........2.............
...........#........#....
.........3.....1.........
......4..................

...........#.............
...7....#..#..#.....#....
.........................
.5.....#.#...............
.....##.#..#.............
.3..#......#......#......
...........#.............
..2#.6.#.........#..#..#.
.........................
.#.....8...#....#........
..#..4..#..#.............
...#...........#...#.....
...........#.............
.....#...9.............#.
.#..............#........
...#.......#...#.........
........#..#.............
.........1...............
.........................
#..#.......X.......#..#.#
.........................
.........................
...........#........#....
.........................
.........................

...........#.............
........3..#..6.....#....
.........................
.......1.4...............
.....##.2..#.............
....#......#......#......
...........#.............
...#...#.........#..8..#.
.........................
.#.........#....#........
..#.....#..#.............
...#...........7...#.....
...........#.............
.....#.................#.
.#..............#........
...#.......#...9.........
........#..5.............
.........................
.........................
#..#.......X.......#..#.#
.........................
.........................
...........#........#....
.........................
.........................

...........#.............
...........#........#....
.........................
.........................
.....##....#.............
....9......#......#......
...........#.............
...8...#.........#.....#.
.........................
.#.........#....#........
..#.....#..#.............
...#...............#.....
...........#.............
.....#.................1.
.#..............#........
...6.......#.............
........7................
.........................
.........................
#..5.......X.......2..#.#
.........................
.........................
...........4........3....
.........................
.........................

...........#.............
...........#........#....
.........................
.........................
.....1#....#.............
...........#......#......
...........#.............
.......#.........#.....#.
.........................
.#.........#....4........
..#.....2..#.............
...#...............#.....
...........#.............
.....9...................
.8..............5........
...........3.............
.........................
.........................
.........................
7..........X..........6.#
.........................
.........................
.........................
.........................
.........................

...........#.............
...........#........#....
.........................
.........................
......7....#.............
...........#......9......
...........#.............
.......1.........3.....#.
.........................
.#.........#.............
..#........8.............
...6...............4.....
...........2.............
.........................
.........................
.........................
.........................
.........................
.........................
...........X............5
.........................
.........................
.........................
.........................
.........................

...........#.............
...........9........4....
.........................
.........................
...........8.............
...........7.............
...........6.............
.......................1.
.........................
.5.........3.............
..2......................
.........................
.........................
.........................
.........................
.........................
.........................
.........................
.........................
...........X.............
.........................
.........................
.........................
.........................
.........................

...........1.............
.........................
.........................
.........................
.........................
.........................
.........................
.........................
.........................
.........................
.........................
.........................
.........................
.........................
.........................
.........................
.........................
.........................
.........................
...........X.............
.........................
.........................
.........................
.........................
.........................

